<?xml version="1.0" encoding="UTF-8"?>
<!-- Generated by org.testng.reporters.JUnitReportReporter -->
<testsuite hostname="DESKTOP-L1FQFUU" failures="0" tests="1" name="supertailsTest.tests.HomePageTest" time="0.889" errors="0" timestamp="2023-02-10T19:00:14 IST" skipped="0">
  <testcase classname="supertailsTest.tests.HomePageTest" name="homepageTest" time="0.889"/>
  <system-out/>
</testsuite> <!-- supertailsTest.tests.HomePageTest -->
